warning: candle-vulkan-kernels@0.11.0: glslc features: integer_dot=true coopmat=true coopmat2=false
warning: candle-kernels@0.11.0: Compiling 11 of 11 PTX kernels
warning: candle-kernels@0.11.0: Using 8 threads for compilation
warning: candle-kernels@0.11.0: Compiling 15 of 15 kernels
   Compiling candle-core v0.11.0 (C:\candle-build\candle\candle-core)
warning: linker stdout: LINK : warning LNK4098: defaultlib 'LIBCMT' conflicts with use of other libs; use /NODEFAULTLIB:library
  |
  = note: `#[warn(linker_messages)]` on by default

warning: `candle-core` (example "fallback_runtime_audit") generated 1 warning
    Finished `release` profile [optimized] target(s) in 1m 07s
     Running `C:\candle-build\target\release\examples\fallback_runtime_audit.exe`
fallback_runtime_audit: start
[vulkan] device ok: Vulkan(VulkanDevice { inner: VulkanInner { ordinal: 0, physical_device: 0x246f4efb6a0, vendor_id: 4318, integer_dot_product: true, cooperative_matrix: true, subgroup_arithmetic: true, subgroup_size: 32, subgroup_size_control: true, compute_full_subgroups: true, subgroup_min_size: 32, subgroup_max_size: 32, max_workgroup_size_log2: 10, max_workgroup_count_x: 2147483647, max_workgroup_count_y: 65535, max_push_constants_size: 256, robust_buffer_access: true, vulkan_memory_model: true, queue_family_index: 2, transfer_queue_family_index: Some(1), .. } })
[vulkan] fallback_count after reset: 0
[vulkan] fallback_count after dense+quant workload: 0
[vulkan] PASS: zero CPU fallbacks on dense+quant GPU path
[wgpu] device ok: Wgpu(WgpuDevice { inner: WgpuInner { ordinal: 0, adapter_name: "NVIDIA GeForce RTX 3060", adapter_backend: "Vulkan", adapter_driver: "NVIDIA", adapter_driver_info: "610.74", adapter_pci_bus_id: "0000:07:00.0", device: Device { inner: Core(CoreDevice { context: ContextWgpuCore { type: "Native" }, id: Id(0,1), error_sink: Mutex { data: ErrorSink, poisoned: false, .. }, features: Features { features_wgpu: FeaturesWGPU(SHADER_F64 | SUBGROUP | SUBGROUP_BARRIER | EXPERIMENTAL_COOPERATIVE_MATRIX), features_webgpu: FeaturesWebGPU(SHADER_F16 | IMMEDIATES) } }) }, queue: Queue { inner: Core(CoreQueue { context: ContextWgpuCore { type: "Native" }, id: Id(0,1), error_sink: Mutex { data: ErrorSink, poisoned: false, .. } }) }, features: Features { features_wgpu: FeaturesWGPU(SHADER_F64 | SUBGROUP | SUBGROUP_BARRIER | EXPERIMENTAL_COOPERATIVE_MATRIX), features_webgpu: FeaturesWebGPU(SHADER_F16 | IMMEDIATES) }, limits: Limits { max_texture_dimension_1d: 32768, max_texture_dimension_2d: 32768, max_texture_dimension_3d: 16384, max_texture_array_layers: 2048, max_bind_groups: 8, max_bindings_per_bind_group: 4294967295, max_dynamic_uniform_buffers_per_pipeline_layout: 15, max_dynamic_storage_buffers_per_pipeline_layout: 16, max_sampled_textures_per_shader_stage: 524288, max_samplers_per_shader_stage: 524288, max_storage_buffers_per_shader_stage: 524288, max_storage_textures_per_shader_stage: 524288, max_uniform_buffers_per_shader_stage: 524288, max_binding_array_elements_per_shader_stage: 1048576, max_binding_array_acceleration_structure_elements_per_shader_stage: 524288, max_binding_array_sampler_elements_per_shader_stage: 1048576, max_uniform_buffer_binding_size: 65536, max_storage_buffer_binding_size: 2147483644, max_vertex_buffers: 16, max_buffer_size: 1099511627776, max_vertex_attributes: 32, max_vertex_buffer_array_stride: 2048, max_inter_stage_shader_variables: 31, min_uniform_buffer_offset_alignment: 64, min_storage_buffer_offset_alignment: 32, max_color_attachments: 8, max_color_attachment_bytes_per_sample: 128, max_compute_workgroup_storage_size: 49152, max_compute_invocations_per_workgroup: 1024, max_compute_workgroup_size_x: 1024, max_compute_workgroup_size_y: 1024, max_compute_workgroup_size_z: 64, max_compute_workgroups_per_dimension: 65535, max_immediate_size: 256, max_non_sampler_bindings: 4294967295, max_task_mesh_workgroup_total_count: 4194304, max_task_mesh_workgroups_per_dimension: 65535, max_task_invocations_per_workgroup: 128, max_task_invocations_per_dimension: 128, max_mesh_invocations_per_workgroup: 128, max_mesh_invocations_per_dimension: 128, max_task_payload_size: 16384, max_mesh_output_vertices: 256, max_mesh_output_primitives: 256, max_mesh_output_layers: 2048, max_mesh_multiview_view_count: 4, max_blas_primitive_count: 536870911, max_blas_geometry_count: 16777215, max_tlas_instance_count: 16777215, max_acceleration_structures_per_shader_stage: 524288, max_multiview_view_count: 32 }, coop_matmul_enabled: true, seed_value: RwLock { data: 299792458, poisoned: false, .. }, pipeline_cache: Mutex { data: {}, poisoned: false, .. }, buffer_registry: Mutex { data: {}, poisoned: false, .. }, storage_buffer_pool: Mutex { data: {}, poisoned: false, .. }, storage_pool_pending: Mutex { data: [], poisoned: false, .. }, pending_submissions: Mutex { data: [], poisoned: false, .. }, active_batch: Mutex { data: None, poisoned: false, .. }, uniform_ring: Mutex { data: ([], 0), poisoned: false, .. }, uniform_dyn: Mutex { data: None, poisoned: false, .. }, uniform_dyn_cursor: 0, uniform_dyn_slot: 256, hot_rings: Mutex { data: {}, poisoned: false, .. }, elem_bg_cache: Mutex { data: {}, poisoned: false, .. }, elem_bg_hits: 0, elem_bg_misses: 0 } })
[wgpu] fallback_count after reset: 0
[wgpu] fallback_count after dense+quant workload: 0
[wgpu] PASS: zero CPU fallbacks on dense+quant GPU path
fallback_runtime_audit: ALL PASS
fallback_exit=0
